2023-04-28 00:38:02.832 +06:00 [INF] Application Starting up
2023-04-28 00:38:05.600 +06:00 [WRN] Failed to determine the https port for redirect.
2023-04-28 00:59:15.824 +06:00 [INF] Application Starting up
2023-04-28 00:59:17.230 +06:00 [WRN] Failed to determine the https port for redirect.
2023-04-28 02:05:25.968 +06:00 [INF] Application Starting up
2023-04-28 02:05:26.518 +06:00 [WRN] Failed to determine the https port for redirect.
2023-04-28 10:33:35.148 +06:00 [INF] Application Starting up
2023-04-28 10:33:37.268 +06:00 [ERR] An unhandled exception has occurred while executing the request.
System.NullReferenceException: Object reference not set to an instance of an object.
   at AspNetCoreGeneratedDocument.Views_Home_Index.<ExecuteAsync>b__14_3() in C:\Users\Muhin\Desktop\Recruitment task\Task\video-conferencing-demo\VideoConferencingDemo\src\VideoConferencingDemo.Web\Views\Home\Index.cshtml:line 201
   at Microsoft.AspNetCore.Mvc.Razor.RazorPage.RenderSectionAsyncCore(String sectionName, Boolean required)
   at AspNetCoreGeneratedDocument.Views_Shared__Layout.<ExecuteAsync>b__27_1() in C:\Users\Muhin\Desktop\Recruitment task\Task\video-conferencing-demo\VideoConferencingDemo\src\VideoConferencingDemo.Web\Views\Shared\_Layout.cshtml:line 49
   at Microsoft.AspNetCore.Razor.Runtime.TagHelpers.TagHelperExecutionContext.SetOutputContentAsync()
   at AspNetCoreGeneratedDocument.Views_Shared__Layout.ExecuteAsync()
   at Microsoft.AspNetCore.Mvc.Razor.RazorView.RenderPageCoreAsync(IRazorPage page, ViewContext context)
   at Microsoft.AspNetCore.Mvc.Razor.RazorView.RenderPageAsync(IRazorPage page, ViewContext context, Boolean invokeViewStarts)
   at Microsoft.AspNetCore.Mvc.Razor.RazorView.RenderLayoutAsync(ViewContext context, ViewBufferTextWriter bodyWriter)
   at Microsoft.AspNetCore.Mvc.Razor.RazorView.RenderAsync(ViewContext context)
   at Microsoft.AspNetCore.Mvc.ViewFeatures.ViewExecutor.ExecuteAsync(ViewContext viewContext, String contentType, Nullable`1 statusCode)
   at Microsoft.AspNetCore.Mvc.ViewFeatures.ViewExecutor.ExecuteAsync(ViewContext viewContext, String contentType, Nullable`1 statusCode)
   at Microsoft.AspNetCore.Mvc.ViewFeatures.ViewExecutor.ExecuteAsync(ActionContext actionContext, IView view, ViewDataDictionary viewData, ITempDataDictionary tempData, String contentType, Nullable`1 statusCode)
   at Microsoft.AspNetCore.Mvc.ViewFeatures.ViewResultExecutor.ExecuteAsync(ActionContext context, ViewResult result)
   at Microsoft.AspNetCore.Mvc.ViewResult.ExecuteResultAsync(ActionContext context)
   at Microsoft.AspNetCore.Mvc.Infrastructure.ResourceInvoker.<InvokeNextResultFilterAsync>g__Awaited|30_0[TFilter,TFilterAsync](ResourceInvoker invoker, Task lastTask, State next, Scope scope, Object state, Boolean isCompleted)
   at Microsoft.AspNetCore.Mvc.Infrastructure.ResourceInvoker.Rethrow(ResultExecutedContextSealed context)
   at Microsoft.AspNetCore.Mvc.Infrastructure.ResourceInvoker.ResultNext[TFilter,TFilterAsync](State& next, Scope& scope, Object& state, Boolean& isCompleted)
   at Microsoft.AspNetCore.Mvc.Infrastructure.ResourceInvoker.InvokeResultFilters()
--- End of stack trace from previous location ---
   at Microsoft.AspNetCore.Mvc.Infrastructure.ResourceInvoker.<InvokeNextResourceFilter>g__Awaited|25_0(ResourceInvoker invoker, Task lastTask, State next, Scope scope, Object state, Boolean isCompleted)
   at Microsoft.AspNetCore.Mvc.Infrastructure.ResourceInvoker.Rethrow(ResourceExecutedContextSealed context)
   at Microsoft.AspNetCore.Mvc.Infrastructure.ResourceInvoker.Next(State& next, Scope& scope, Object& state, Boolean& isCompleted)
   at Microsoft.AspNetCore.Mvc.Infrastructure.ResourceInvoker.InvokeFilterPipelineAsync()
--- End of stack trace from previous location ---
   at Microsoft.AspNetCore.Mvc.Infrastructure.ResourceInvoker.<InvokeAsync>g__Awaited|17_0(ResourceInvoker invoker, Task task, IDisposable scope)
   at Microsoft.AspNetCore.Mvc.Infrastructure.ResourceInvoker.<InvokeAsync>g__Awaited|17_0(ResourceInvoker invoker, Task task, IDisposable scope)
   at Microsoft.AspNetCore.Routing.EndpointMiddleware.<Invoke>g__AwaitRequestTask|6_0(Endpoint endpoint, Task requestTask, ILogger logger)
   at Microsoft.AspNetCore.Authorization.AuthorizationMiddleware.Invoke(HttpContext context)
   at Microsoft.AspNetCore.Authentication.AuthenticationMiddleware.Invoke(HttpContext context)
   at Microsoft.AspNetCore.Diagnostics.DeveloperExceptionPageMiddlewareImpl.Invoke(HttpContext context)
2023-04-28 10:37:31.627 +06:00 [INF] Application Starting up
2023-04-28 10:47:19.186 +06:00 [INF] Application Starting up
2023-04-28 10:48:33.894 +06:00 [INF] Application Starting up
2023-04-28 10:52:01.324 +06:00 [INF] Application Starting up
2023-04-28 10:53:35.124 +06:00 [INF] Application Starting up
2023-04-28 10:55:05.872 +06:00 [INF] Application Starting up
2023-04-28 11:03:01.037 +06:00 [INF] Application Starting up
2023-04-28 11:03:45.830 +06:00 [INF] Application Starting up
2023-04-28 11:06:58.969 +06:00 [INF] Application Starting up
2023-04-28 11:08:10.766 +06:00 [INF] Application Starting up
2023-04-28 11:12:55.867 +06:00 [INF] Application Starting up
2023-04-28 11:15:28.368 +06:00 [INF] Application Starting up
2023-04-28 11:16:39.615 +06:00 [INF] Application Starting up
2023-04-28 11:27:03.093 +06:00 [INF] Application Starting up
2023-04-28 11:29:08.949 +06:00 [INF] Application Starting up
2023-04-28 11:29:46.077 +06:00 [INF] Application Starting up
2023-04-28 11:30:24.741 +06:00 [INF] Application Starting up
2023-04-28 11:31:35.238 +06:00 [INF] Application Starting up
2023-04-28 15:03:58.680 +06:00 [FTL] Application start-up faild
Microsoft.Extensions.Hosting.HostAbortedException: The host was aborted.
   at Microsoft.Extensions.Hosting.HostFactoryResolver.HostingListener.ThrowHostAborted()
   at Microsoft.Extensions.Hosting.HostFactoryResolver.HostingListener.OnNext(KeyValuePair`2 value)
   at System.Diagnostics.DiagnosticListener.Write(String name, Object value)
   at Microsoft.Extensions.Hosting.HostBuilder.ResolveHost(IServiceProvider serviceProvider, DiagnosticListener diagnosticListener)
   at Microsoft.Extensions.Hosting.HostApplicationBuilder.Build()
   at Microsoft.AspNetCore.Builder.WebApplicationBuilder.Build()
   at Program.<Main>$(String[] args) in C:\Users\Muhin\Desktop\Recruitment task\Task\video-conferencing-demo\VideoConferencingDemo\src\VideoConferencingDemo.Web\Program.cs:line 89
2023-04-28 15:37:57.881 +06:00 [FTL] Application start-up faild
Microsoft.Extensions.Hosting.HostAbortedException: The host was aborted.
   at Microsoft.Extensions.Hosting.HostFactoryResolver.HostingListener.ThrowHostAborted()
   at Microsoft.Extensions.Hosting.HostFactoryResolver.HostingListener.OnNext(KeyValuePair`2 value)
   at System.Diagnostics.DiagnosticListener.Write(String name, Object value)
   at Microsoft.Extensions.Hosting.HostBuilder.ResolveHost(IServiceProvider serviceProvider, DiagnosticListener diagnosticListener)
   at Microsoft.Extensions.Hosting.HostApplicationBuilder.Build()
   at Microsoft.AspNetCore.Builder.WebApplicationBuilder.Build()
   at Program.<Main>$(String[] args) in C:\Users\Muhin\Desktop\Recruitment task\Task\video-conferencing-demo\VideoConferencingDemo\src\VideoConferencingDemo.Web\Program.cs:line 89
2023-04-28 15:38:58.674 +06:00 [FTL] Application start-up faild
Microsoft.Extensions.Hosting.HostAbortedException: The host was aborted.
   at Microsoft.Extensions.Hosting.HostFactoryResolver.HostingListener.ThrowHostAborted()
   at Microsoft.Extensions.Hosting.HostFactoryResolver.HostingListener.OnNext(KeyValuePair`2 value)
   at System.Diagnostics.DiagnosticListener.Write(String name, Object value)
   at Microsoft.Extensions.Hosting.HostBuilder.ResolveHost(IServiceProvider serviceProvider, DiagnosticListener diagnosticListener)
   at Microsoft.Extensions.Hosting.HostApplicationBuilder.Build()
   at Microsoft.AspNetCore.Builder.WebApplicationBuilder.Build()
   at Program.<Main>$(String[] args) in C:\Users\Muhin\Desktop\Recruitment task\Task\video-conferencing-demo\VideoConferencingDemo\src\VideoConferencingDemo.Web\Program.cs:line 89
2023-04-28 15:39:52.473 +06:00 [FTL] Application start-up faild
Microsoft.Extensions.Hosting.HostAbortedException: The host was aborted.
   at Microsoft.Extensions.Hosting.HostFactoryResolver.HostingListener.ThrowHostAborted()
   at Microsoft.Extensions.Hosting.HostFactoryResolver.HostingListener.OnNext(KeyValuePair`2 value)
   at System.Diagnostics.DiagnosticListener.Write(String name, Object value)
   at Microsoft.Extensions.Hosting.HostBuilder.ResolveHost(IServiceProvider serviceProvider, DiagnosticListener diagnosticListener)
   at Microsoft.Extensions.Hosting.HostApplicationBuilder.Build()
   at Microsoft.AspNetCore.Builder.WebApplicationBuilder.Build()
   at Program.<Main>$(String[] args) in C:\Users\Muhin\Desktop\Recruitment task\Task\video-conferencing-demo\VideoConferencingDemo\src\VideoConferencingDemo.Web\Program.cs:line 89
2023-04-28 17:04:24.971 +06:00 [INF] Application Starting up
2023-04-28 17:15:42.533 +06:00 [INF] Application Starting up
2023-04-28 17:19:58.982 +06:00 [INF] Application Starting up
2023-04-28 18:02:42.965 +06:00 [INF] Application Starting up
2023-04-28 18:04:23.035 +06:00 [INF] An user tried to generate meeting link more than max limit
2023-04-28 18:05:59.644 +06:00 [INF] Application Starting up
2023-04-28 18:09:53.687 +06:00 [FTL] Application start-up faild
Microsoft.Extensions.Hosting.HostAbortedException: The host was aborted.
   at Microsoft.Extensions.Hosting.HostFactoryResolver.HostingListener.ThrowHostAborted()
   at Microsoft.Extensions.Hosting.HostFactoryResolver.HostingListener.OnNext(KeyValuePair`2 value)
   at System.Diagnostics.DiagnosticListener.Write(String name, Object value)
   at Microsoft.Extensions.Hosting.HostBuilder.ResolveHost(IServiceProvider serviceProvider, DiagnosticListener diagnosticListener)
   at Microsoft.Extensions.Hosting.HostApplicationBuilder.Build()
   at Microsoft.AspNetCore.Builder.WebApplicationBuilder.Build()
   at Program.<Main>$(String[] args) in C:\Users\Muhin\Desktop\Recruitment task\Task\video-conferencing-demo\VideoConferencingDemo\src\VideoConferencingDemo.Web\Program.cs:line 89
2023-04-28 18:10:45.474 +06:00 [FTL] Application start-up faild
Microsoft.Extensions.Hosting.HostAbortedException: The host was aborted.
   at Microsoft.Extensions.Hosting.HostFactoryResolver.HostingListener.ThrowHostAborted()
   at Microsoft.Extensions.Hosting.HostFactoryResolver.HostingListener.OnNext(KeyValuePair`2 value)
   at System.Diagnostics.DiagnosticListener.Write(String name, Object value)
   at Microsoft.Extensions.Hosting.HostBuilder.ResolveHost(IServiceProvider serviceProvider, DiagnosticListener diagnosticListener)
   at Microsoft.Extensions.Hosting.HostApplicationBuilder.Build()
   at Microsoft.AspNetCore.Builder.WebApplicationBuilder.Build()
   at Program.<Main>$(String[] args) in C:\Users\Muhin\Desktop\Recruitment task\Task\video-conferencing-demo\VideoConferencingDemo\src\VideoConferencingDemo.Web\Program.cs:line 89
2023-04-28 18:12:55.243 +06:00 [FTL] Application start-up faild
Microsoft.Extensions.Hosting.HostAbortedException: The host was aborted.
   at Microsoft.Extensions.Hosting.HostFactoryResolver.HostingListener.ThrowHostAborted()
   at Microsoft.Extensions.Hosting.HostFactoryResolver.HostingListener.OnNext(KeyValuePair`2 value)
   at System.Diagnostics.DiagnosticListener.Write(String name, Object value)
   at Microsoft.Extensions.Hosting.HostBuilder.ResolveHost(IServiceProvider serviceProvider, DiagnosticListener diagnosticListener)
   at Microsoft.Extensions.Hosting.HostApplicationBuilder.Build()
   at Microsoft.AspNetCore.Builder.WebApplicationBuilder.Build()
   at Program.<Main>$(String[] args) in C:\Users\Muhin\Desktop\Recruitment task\Task\video-conferencing-demo\VideoConferencingDemo\src\VideoConferencingDemo.Web\Program.cs:line 89
2023-04-28 18:13:13.429 +06:00 [FTL] Application start-up faild
Microsoft.Extensions.Hosting.HostAbortedException: The host was aborted.
   at Microsoft.Extensions.Hosting.HostFactoryResolver.HostingListener.ThrowHostAborted()
   at Microsoft.Extensions.Hosting.HostFactoryResolver.HostingListener.OnNext(KeyValuePair`2 value)
   at System.Diagnostics.DiagnosticListener.Write(String name, Object value)
   at Microsoft.Extensions.Hosting.HostBuilder.ResolveHost(IServiceProvider serviceProvider, DiagnosticListener diagnosticListener)
   at Microsoft.Extensions.Hosting.HostApplicationBuilder.Build()
   at Microsoft.AspNetCore.Builder.WebApplicationBuilder.Build()
   at Program.<Main>$(String[] args) in C:\Users\Muhin\Desktop\Recruitment task\Task\video-conferencing-demo\VideoConferencingDemo\src\VideoConferencingDemo.Web\Program.cs:line 89
2023-04-28 18:14:21.081 +06:00 [FTL] Application start-up faild
Microsoft.Extensions.Hosting.HostAbortedException: The host was aborted.
   at Microsoft.Extensions.Hosting.HostFactoryResolver.HostingListener.ThrowHostAborted()
   at Microsoft.Extensions.Hosting.HostFactoryResolver.HostingListener.OnNext(KeyValuePair`2 value)
   at System.Diagnostics.DiagnosticListener.Write(String name, Object value)
   at Microsoft.Extensions.Hosting.HostBuilder.ResolveHost(IServiceProvider serviceProvider, DiagnosticListener diagnosticListener)
   at Microsoft.Extensions.Hosting.HostApplicationBuilder.Build()
   at Microsoft.AspNetCore.Builder.WebApplicationBuilder.Build()
   at Program.<Main>$(String[] args) in C:\Users\Muhin\Desktop\Recruitment task\Task\video-conferencing-demo\VideoConferencingDemo\src\VideoConferencingDemo.Web\Program.cs:line 89
2023-04-28 18:14:44.380 +06:00 [FTL] Application start-up faild
Microsoft.Extensions.Hosting.HostAbortedException: The host was aborted.
   at Microsoft.Extensions.Hosting.HostFactoryResolver.HostingListener.ThrowHostAborted()
   at Microsoft.Extensions.Hosting.HostFactoryResolver.HostingListener.OnNext(KeyValuePair`2 value)
   at System.Diagnostics.DiagnosticListener.Write(String name, Object value)
   at Microsoft.Extensions.Hosting.HostBuilder.ResolveHost(IServiceProvider serviceProvider, DiagnosticListener diagnosticListener)
   at Microsoft.Extensions.Hosting.HostApplicationBuilder.Build()
   at Microsoft.AspNetCore.Builder.WebApplicationBuilder.Build()
   at Program.<Main>$(String[] args) in C:\Users\Muhin\Desktop\Recruitment task\Task\video-conferencing-demo\VideoConferencingDemo\src\VideoConferencingDemo.Web\Program.cs:line 89
2023-04-28 18:17:30.576 +06:00 [FTL] Application start-up faild
Microsoft.Extensions.Hosting.HostAbortedException: The host was aborted.
   at Microsoft.Extensions.Hosting.HostFactoryResolver.HostingListener.ThrowHostAborted()
   at Microsoft.Extensions.Hosting.HostFactoryResolver.HostingListener.OnNext(KeyValuePair`2 value)
   at System.Diagnostics.DiagnosticListener.Write(String name, Object value)
   at Microsoft.Extensions.Hosting.HostBuilder.ResolveHost(IServiceProvider serviceProvider, DiagnosticListener diagnosticListener)
   at Microsoft.Extensions.Hosting.HostApplicationBuilder.Build()
   at Microsoft.AspNetCore.Builder.WebApplicationBuilder.Build()
   at Program.<Main>$(String[] args) in C:\Users\Muhin\Desktop\Recruitment task\Task\video-conferencing-demo\VideoConferencingDemo\src\VideoConferencingDemo.Web\Program.cs:line 89
2023-04-28 18:17:58.100 +06:00 [FTL] Application start-up faild
Microsoft.Extensions.Hosting.HostAbortedException: The host was aborted.
   at Microsoft.Extensions.Hosting.HostFactoryResolver.HostingListener.ThrowHostAborted()
   at Microsoft.Extensions.Hosting.HostFactoryResolver.HostingListener.OnNext(KeyValuePair`2 value)
   at System.Diagnostics.DiagnosticListener.Write(String name, Object value)
   at Microsoft.Extensions.Hosting.HostBuilder.ResolveHost(IServiceProvider serviceProvider, DiagnosticListener diagnosticListener)
   at Microsoft.Extensions.Hosting.HostApplicationBuilder.Build()
   at Microsoft.AspNetCore.Builder.WebApplicationBuilder.Build()
   at Program.<Main>$(String[] args) in C:\Users\Muhin\Desktop\Recruitment task\Task\video-conferencing-demo\VideoConferencingDemo\src\VideoConferencingDemo.Web\Program.cs:line 89
2023-04-28 18:19:45.971 +06:00 [INF] Application Starting up
2023-04-28 18:21:01.165 +06:00 [INF] Application Starting up
2023-04-28 18:24:33.989 +06:00 [INF] Application Starting up
2023-04-28 18:25:24.875 +06:00 [INF] An user tried to generate meeting link more than max limit
