2023-04-29 02:00:56.600 +06:00 [INF] Application Starting up
2023-04-29 03:13:42.302 +06:00 [INF] Application Starting up
2023-04-29 03:16:47.472 +06:00 [INF] Application Starting up
2023-04-29 03:16:52.341 +06:00 [INF] An user tried to connect with invalid meeting link
2023-04-29 03:17:00.285 +06:00 [INF] An user tried to connect with invalid meeting link
2023-04-29 03:20:15.947 +06:00 [INF] Application Starting up
2023-04-29 03:20:31.838 +06:00 [INF] An user tried to connect with invalid meeting link
2023-04-29 03:27:51.687 +06:00 [ERR] An unhandled exception has occurred while executing the request.
2023-04-29 03:27:51.737 +06:00 [ERR] An exception was thrown attempting to display the error page.
System.TypeLoadException: Could not load type 'AspNetCoreGeneratedDocument.Views_Home_StartMeeting+<ExecuteAsync>d__0#1' from assembly 'VideoConferencingDemo.Web, Version=1.0.0.0, Culture=neutral, PublicKeyToken=null'.
   at System.Reflection.CustomAttribute._CreateCaObject(RuntimeModule pModule, RuntimeType type, IRuntimeMethodInfo pCtor, Byte** ppBlob, Byte* pEndBlob, Int32* pcNamedArgs)
   at System.Reflection.CustomAttribute.AddCustomAttributes(ListBuilder`1& attributes, RuntimeModule decoratedModule, Int32 decoratedMetadataToken, RuntimeType attributeFilterType, Boolean mustBeInheritable, ListBuilder`1 derivedAttributes)
   at System.Reflection.CustomAttribute.GetCustomAttributes(RuntimeMethodInfo method, RuntimeType caType, Boolean inherit)
   at System.Attribute.GetCustomAttributes(MemberInfo element, Type attributeType, Boolean inherit)
   at System.Reflection.CustomAttributeExtensions.GetCustomAttributes[T](MemberInfo element)
   at Microsoft.Extensions.StackTrace.Sources.StackTraceHelper.TryResolveStateMachineMethod(MethodBase& method, Type& declaringType)
   at Microsoft.Extensions.StackTrace.Sources.StackTraceHelper.GetMethodDisplayString(MethodBase method)
   at Microsoft.Extensions.StackTrace.Sources.StackTraceHelper.GetFrames(Exception exception, AggregateException& error)
   at Microsoft.Extensions.StackTrace.Sources.ExceptionDetailsProvider.GetStackFrames(Exception original)
   at Microsoft.Extensions.StackTrace.Sources.ExceptionDetailsProvider.GetDetails(Exception exception)+MoveNext()
   at Microsoft.AspNetCore.Diagnostics.RazorViews.ErrorPage.ExecuteAsync()
   at Microsoft.Extensions.RazorViews.BaseView.ExecuteAsync(HttpContext context)
   at Microsoft.AspNetCore.Diagnostics.EntityFrameworkCore.DatabaseDeveloperPageExceptionFilter.HandleExceptionAsync(ErrorContext errorContext, Func`2 next)
   at Microsoft.AspNetCore.Diagnostics.DeveloperExceptionPageMiddlewareImpl.Invoke(HttpContext context)
2023-04-29 03:28:51.475 +06:00 [INF] Application Starting up
2023-04-29 03:31:54.226 +06:00 [INF] Application Starting up
2023-04-29 03:58:36.661 +06:00 [INF] Application Starting up
2023-04-29 03:59:05.297 +06:00 [INF] An user tried to connect with invalid meeting link
2023-04-29 06:22:39.835 +06:00 [INF] Application Starting up
2023-04-29 06:22:50.569 +06:00 [INF] An user tried to connect with invalid meeting link
2023-04-29 09:23:30.341 +06:00 [INF] Application Starting up
2023-04-29 09:24:29.295 +06:00 [INF] Application Starting up
2023-04-29 09:30:25.423 +06:00 [INF] Application Starting up
2023-04-29 09:37:27.713 +06:00 [INF] Application Starting up
2023-04-29 09:47:32.269 +06:00 [INF] Application Starting up
2023-04-29 09:55:36.281 +06:00 [WRN] Unable to configure browser refresh script injection on the response. Consider manually adding '<script src="/_framework/aspnetcore-browser-refresh.js"></script>' to the body of the page.
2023-04-29 09:58:11.267 +06:00 [INF] Application Starting up
2023-04-29 16:50:39.906 +06:00 [INF] Application Starting up
2023-04-29 17:21:41.874 +06:00 [INF] Application Starting up
2023-04-29 17:53:17.485 +06:00 [INF] Application Starting up
2023-04-29 18:10:58.629 +06:00 [INF] Application Starting up
2023-04-29 23:30:51.853 +06:00 [INF] Application Starting up
